<?xml version="1.0" encoding="UTF-8"?>
<Site BuildName="Linux-g++"
	BuildStamp="20240410-0435-Experimental"
	Name="LAPTOP-5EP3S17D"
	Generator="ctest-3.22.1"
	CompilerName="/usr/bin/g++"
	CompilerVersion="11.4.0"
	OSName="Linux"
	Hostname="LAPTOP-5EP3S17D"
	OSRelease="5.15.146.1-microsoft-standard-WSL2"
	OSVersion="#1 SMP Thu Jan 11 04:09:03 UTC 2024"
	OSPlatform="x86_64"
	Is64Bits="1"
	VendorString="AuthenticAMD"
	VendorID="Advanced Micro Devices"
	FamilyID="25"
	ModelID="80"
	ProcessorCacheSize="512"
	NumberOfLogicalCPU="12"
	NumberOfPhysicalCPU="6"
	TotalVirtualMemory="2048"
	TotalPhysicalMemory="6859"
	LogicalProcessorsPerPhysical="2"
	ProcessorClockFrequency="2295.64"
	>
	<Testing>
		<StartDateTime>Apr 10 11:35 +07</StartDateTime>
		<StartTestTime>1712723720</StartTestTime>
		<TestList/>
		<EndDateTime>Apr 10 11:35 +07</EndDateTime>
		<EndTestTime>1712723720</EndTestTime>
		<ElapsedMinutes>0</ElapsedMinutes>
	</Testing>
</Site>
